<?xml version="1.0" encoding="UTF-8"?>
<TestRun id="efa8ae99-e2ce-4311-8d89-e50fbed2110a" name="Mr.Bobby@MBPC 2011-11-04 02:27:55" runUser="MBPC\Mr.Bobby" xmlns="http://microsoft.com/schemas/VisualStudio/TeamTest/2010">
  <TestSettings name="Local" id="eee96bbc-903f-456e-99b1-02f483d57c32">
    <Description>These are default test settings for a local test run.</Description>
    <Deployment enabled="false" runDeploymentRoot="Mr.Bobby_MBPC 2011-11-04 02_27_55">
      <DeploymentItem filename="d:\_mb\School\FEL\Predmety\A7B36PRO\ELearning\Data\bin\Debug\ELearning.Data.dll" />
      <DeploymentItem filename="d:\_mb\School\FEL\Predmety\A7B36PRO\ELearning\Business\bin\Debug\ELearning.Business.dll" />
      <DeploymentItem filename="d:\_mb\School\FEL\Predmety\A7B36PRO\ELearning\ELearning\bin\ELearning.dll" />
      <DeploymentItem filename="C:\Program Files (x86)\Microsoft ADO.NET Entity Framework 4.1\Binaries\EntityFramework.dll" />
      <DeploymentItem filename="d:\_mb\School\FEL\Predmety\A7B36PRO\ELearning\Shared\bin\Debug\ELearning.Shared.dll" />
    </Deployment>
    <Execution>
      <TestTypeSpecific />
      <AgentRule name="Execution Agents">
      </AgentRule>
    </Execution>
  </TestSettings>
  <Times creation="2011-11-04T02:27:55.0671574+01:00" queuing="2011-11-04T02:27:55.3211720+01:00" start="2011-11-04T02:27:55.3621743+01:00" finish="2011-11-04T02:27:55.6961934+01:00" />
  <ResultSummary outcome="Failed">
    <Counters total="2" executed="2" passed="1" error="0" failed="1" timeout="0" aborted="0" inconclusive="0" passedButRunAborted="0" notRunnable="0" notExecuted="0" disconnected="0" warning="0" completed="0" inProgress="0" pending="0" />
    <RunInfos>
      <RunInfo computerName="MBPC" outcome="Warning" timestamp="2011-11-04T02:27:55.1161602+01:00">
        <Text>Deployment is currently disabled. The deployment item 'ELearning.dll' on test 'UnitTests.UserModelTest.NameFromEmailTest' was not deployed.</Text>
      </RunInfo>
    </RunInfos>
  </ResultSummary>
  <TestDefinitions>
    <UnitTest name="NameFromEmailTest" storage="d:\_mb\school\fel\predmety\a7b36pro\elearning\unittests\bin\debug\unittests.dll" id="f203e6bf-2e4c-1b9f-5745-9aca3b81221b">
      <DeploymentItems>
        <DeploymentItem filename="ELearning.dll" />
      </DeploymentItems>
      <Execution id="7f472ab8-f921-4dd1-9907-18f92ceb80b0" />
      <TestMethod codeBase="d:/_mb/School/FEL/Predmety/A7B36PRO/ELearning/UnitTests/bin/Debug/UnitTests.DLL" adapterTypeName="Microsoft.VisualStudio.TestTools.TestTypes.Unit.UnitTestAdapter, Microsoft.VisualStudio.QualityTools.Tips.UnitTest.Adapter, Version=10.0.0.0, Culture=neutral, PublicKeyToken=b03f5f7f11d50a3a" className="UnitTests.UserModelTest, UnitTests, Version=1.0.0.0, Culture=neutral, PublicKeyToken=null" name="NameFromEmailTest" />
    </UnitTest>
    <UnitTest name="CreateFromArrayTest" storage="d:\_mb\school\fel\predmety\a7b36pro\elearning\unittests\bin\debug\unittests.dll" id="faa0f045-ceaf-750e-7d0d-d38222d601ae">
      <Execution id="b974ada8-9499-49fc-aae0-c264e17b907b" />
      <TestMethod codeBase="d:/_mb/School/FEL/Predmety/A7B36PRO/ELearning/UnitTests/bin/Debug/UnitTests.DLL" adapterTypeName="Microsoft.VisualStudio.TestTools.TestTypes.Unit.UnitTestAdapter, Microsoft.VisualStudio.QualityTools.Tips.UnitTest.Adapter, Version=10.0.0.0, Culture=neutral, PublicKeyToken=b03f5f7f11d50a3a" className="UnitTests.DataModelBaseTest, UnitTests, Version=1.0.0.0, Culture=neutral, PublicKeyToken=null" name="CreateFromArrayTest" />
    </UnitTest>
  </TestDefinitions>
  <TestLists>
    <TestList name="Results Not in a List" id="8c84fa94-04c1-424b-9868-57a2d4851a1d" />
    <TestList name="All Loaded Results" id="19431567-8539-422a-85d7-44ee4e166bda" />
  </TestLists>
  <TestEntries>
    <TestEntry testId="f203e6bf-2e4c-1b9f-5745-9aca3b81221b" executionId="7f472ab8-f921-4dd1-9907-18f92ceb80b0" testListId="8c84fa94-04c1-424b-9868-57a2d4851a1d" />
    <TestEntry testId="faa0f045-ceaf-750e-7d0d-d38222d601ae" executionId="b974ada8-9499-49fc-aae0-c264e17b907b" testListId="8c84fa94-04c1-424b-9868-57a2d4851a1d" />
  </TestEntries>
  <Results>
    <UnitTestResult executionId="7f472ab8-f921-4dd1-9907-18f92ceb80b0" testId="f203e6bf-2e4c-1b9f-5745-9aca3b81221b" testName="NameFromEmailTest" computerName="MBPC" duration="00:00:00.0186182" startTime="2011-11-04T02:27:55.3791753+01:00" endTime="2011-11-04T02:27:55.6291896+01:00" testType="13cdc9d9-ddb5-4fa4-a97d-d965ccfc6d4b" outcome="Passed" testListId="8c84fa94-04c1-424b-9868-57a2d4851a1d" relativeResultsDirectory="7f472ab8-f921-4dd1-9907-18f92ceb80b0">
    </UnitTestResult>
    <UnitTestResult executionId="b974ada8-9499-49fc-aae0-c264e17b907b" testId="faa0f045-ceaf-750e-7d0d-d38222d601ae" testName="CreateFromArrayTest" computerName="MBPC" duration="00:00:00.0379244" startTime="2011-11-04T02:27:55.6291896+01:00" endTime="2011-11-04T02:27:55.6711920+01:00" testType="13cdc9d9-ddb5-4fa4-a97d-d965ccfc6d4b" outcome="Failed" testListId="8c84fa94-04c1-424b-9868-57a2d4851a1d" relativeResultsDirectory="b974ada8-9499-49fc-aae0-c264e17b907b">
      <Output>
        <ErrorInfo>
          <Message>Test method UnitTests.DataModelBaseTest.CreateFromArrayTest threw exception: 
System.Reflection.TargetInvocationException: Exception has been thrown by the target of an invocation. ---&gt; System.NullReferenceException: Object reference not set to an instance of an object.</Message>
          <StackTrace>    at ELearning.Models.Data.FormTypeModel..ctor(FormType data) in d:\_mb\School\FEL\Predmety\A7B36PRO\ELearning\ELearning\Models\Data\FormTypeModel.cs:line 22
   at ELearning.Models.Data.FormModel..ctor(Form data) in d:\_mb\School\FEL\Predmety\A7B36PRO\ELearning\ELearning\Models\Data\FormModel.cs:line 34
 --- End of inner exception stack trace ---
    at System.RuntimeMethodHandle._InvokeConstructor(IRuntimeMethodInfo method, Object[] args, SignatureStruct&amp; signature, RuntimeType declaringType)
   at System.RuntimeMethodHandle.InvokeConstructor(IRuntimeMethodInfo method, Object[] args, SignatureStruct signature, RuntimeType declaringType)
   at System.Reflection.RuntimeConstructorInfo.Invoke(BindingFlags invokeAttr, Binder binder, Object[] parameters, CultureInfo culture)
   at System.Reflection.ConstructorInfo.Invoke(Object[] parameters)
   at ELearning.Models.Data.DataModelBase`1.CreateFromArray[Model](IEnumerable`1 array) in d:\_mb\School\FEL\Predmety\A7B36PRO\ELearning\ELearning\Models\Data\DataModelBase.cs:line 34
   at UnitTests.DataModelBaseTest.CreateFromArrayTest() in d:\_mb\School\FEL\Predmety\A7B36PRO\ELearning\UnitTests\DataModelBaseTest.cs:line 78
</StackTrace>
        </ErrorInfo>
      </Output>
    </UnitTestResult>
  </Results>
</TestRun>