<?xml version="1.0" encoding="UTF-8"?>
<TestRun id="e41456ad-89cb-4ee0-8dfd-e31467e691d8" name="Mr.Bobby@MBPC 2011-11-04 02:33:13" runUser="MBPC\Mr.Bobby" xmlns="http://microsoft.com/schemas/VisualStudio/TeamTest/2010">
  <TestSettings name="Local" id="eee96bbc-903f-456e-99b1-02f483d57c32">
    <Description>These are default test settings for a local test run.</Description>
    <Deployment enabled="false" runDeploymentRoot="Mr.Bobby_MBPC 2011-11-04 02_33_13">
      <DeploymentItem filename="d:\_mb\School\FEL\Predmety\A7B36PRO\ELearning\Data\bin\Debug\ELearning.Data.dll" />
      <DeploymentItem filename="d:\_mb\School\FEL\Predmety\A7B36PRO\ELearning\Business\bin\Debug\ELearning.Business.dll" />
      <DeploymentItem filename="d:\_mb\School\FEL\Predmety\A7B36PRO\ELearning\ELearning\bin\ELearning.dll" />
      <DeploymentItem filename="C:\Program Files (x86)\Microsoft ADO.NET Entity Framework 4.1\Binaries\EntityFramework.dll" />
      <DeploymentItem filename="d:\_mb\School\FEL\Predmety\A7B36PRO\ELearning\Shared\bin\Debug\ELearning.Shared.dll" />
    </Deployment>
    <Execution>
      <TestTypeSpecific />
      <AgentRule name="Execution Agents">
      </AgentRule>
    </Execution>
  </TestSettings>
  <Times creation="2011-11-04T02:33:13.0423446+01:00" queuing="2011-11-04T02:33:13.0493450+01:00" start="2011-11-04T02:33:13.0553453+01:00" finish="2011-11-04T02:33:13.2873586+01:00" />
  <ResultSummary outcome="Warning">
    <Counters total="2" executed="2" passed="2" error="0" failed="0" timeout="0" aborted="0" inconclusive="0" passedButRunAborted="0" notRunnable="0" notExecuted="0" disconnected="0" warning="0" completed="0" inProgress="0" pending="0" />
    <RunInfos>
      <RunInfo computerName="MBPC" outcome="Warning" timestamp="2011-11-04T02:33:13.0483449+01:00">
        <Text>Deployment is currently disabled. The deployment item 'ELearning.dll' on test 'UnitTests.UserModelTest.NameFromEmailTest' was not deployed.</Text>
      </RunInfo>
    </RunInfos>
  </ResultSummary>
  <TestDefinitions>
    <UnitTest name="NameFromEmailTest" storage="d:\_mb\school\fel\predmety\a7b36pro\elearning\unittests\bin\debug\unittests.dll" id="f203e6bf-2e4c-1b9f-5745-9aca3b81221b">
      <DeploymentItems>
        <DeploymentItem filename="ELearning.dll" />
      </DeploymentItems>
      <Execution id="3cbf01fd-6353-450c-975c-cf530a669608" />
      <TestMethod codeBase="d:/_mb/School/FEL/Predmety/A7B36PRO/ELearning/UnitTests/bin/Debug/UnitTests.DLL" adapterTypeName="Microsoft.VisualStudio.TestTools.TestTypes.Unit.UnitTestAdapter, Microsoft.VisualStudio.QualityTools.Tips.UnitTest.Adapter, Version=10.0.0.0, Culture=neutral, PublicKeyToken=b03f5f7f11d50a3a" className="UnitTests.UserModelTest, UnitTests, Version=1.0.0.0, Culture=neutral, PublicKeyToken=null" name="NameFromEmailTest" />
    </UnitTest>
    <UnitTest name="CreateFromArrayTest" storage="d:\_mb\school\fel\predmety\a7b36pro\elearning\unittests\bin\debug\unittests.dll" id="faa0f045-ceaf-750e-7d0d-d38222d601ae">
      <Execution id="d396c783-0314-4f38-b42e-45003206b43d" />
      <TestMethod codeBase="d:/_mb/School/FEL/Predmety/A7B36PRO/ELearning/UnitTests/bin/Debug/UnitTests.DLL" adapterTypeName="Microsoft.VisualStudio.TestTools.TestTypes.Unit.UnitTestAdapter, Microsoft.VisualStudio.QualityTools.Tips.UnitTest.Adapter, Version=10.0.0.0, Culture=neutral, PublicKeyToken=b03f5f7f11d50a3a" className="UnitTests.DataModelBaseTest, UnitTests, Version=1.0.0.0, Culture=neutral, PublicKeyToken=null" name="CreateFromArrayTest" />
    </UnitTest>
  </TestDefinitions>
  <TestLists>
    <TestList name="Results Not in a List" id="8c84fa94-04c1-424b-9868-57a2d4851a1d" />
    <TestList name="All Loaded Results" id="19431567-8539-422a-85d7-44ee4e166bda" />
  </TestLists>
  <TestEntries>
    <TestEntry testId="f203e6bf-2e4c-1b9f-5745-9aca3b81221b" executionId="3cbf01fd-6353-450c-975c-cf530a669608" testListId="8c84fa94-04c1-424b-9868-57a2d4851a1d" />
    <TestEntry testId="faa0f045-ceaf-750e-7d0d-d38222d601ae" executionId="d396c783-0314-4f38-b42e-45003206b43d" testListId="8c84fa94-04c1-424b-9868-57a2d4851a1d" />
  </TestEntries>
  <Results>
    <UnitTestResult executionId="3cbf01fd-6353-450c-975c-cf530a669608" testId="f203e6bf-2e4c-1b9f-5745-9aca3b81221b" testName="NameFromEmailTest" computerName="MBPC" duration="00:00:00.0176479" startTime="2011-11-04T02:33:13.0593455+01:00" endTime="2011-11-04T02:33:13.2563568+01:00" testType="13cdc9d9-ddb5-4fa4-a97d-d965ccfc6d4b" outcome="Passed" testListId="8c84fa94-04c1-424b-9868-57a2d4851a1d" relativeResultsDirectory="3cbf01fd-6353-450c-975c-cf530a669608">
    </UnitTestResult>
    <UnitTestResult executionId="d396c783-0314-4f38-b42e-45003206b43d" testId="faa0f045-ceaf-750e-7d0d-d38222d601ae" testName="CreateFromArrayTest" computerName="MBPC" duration="00:00:00.0144715" startTime="2011-11-04T02:33:13.2603570+01:00" endTime="2011-11-04T02:33:13.2783581+01:00" testType="13cdc9d9-ddb5-4fa4-a97d-d965ccfc6d4b" outcome="Passed" testListId="8c84fa94-04c1-424b-9868-57a2d4851a1d" relativeResultsDirectory="d396c783-0314-4f38-b42e-45003206b43d">
    </UnitTestResult>
  </Results>
</TestRun>